SF:lib/data/mappers/lecture_mapper.dart
DA:9,1
DA:10,1
DA:11,1
DA:12,1
DA:13,1
DA:14,1
DA:15,1
DA:16,1
DA:17,1
DA:18,1
DA:19,1
DA:20,1
DA:21,1
DA:22,1
DA:23,1
DA:24,1
DA:25,1
DA:26,2
DA:27,1
DA:28,1
DA:29,1
DA:30,1
DA:31,7
DA:36,0
DA:37,0
DA:38,0
DA:39,0
DA:40,0
DA:41,0
DA:42,0
DA:43,0
DA:44,0
DA:45,0
DA:46,0
DA:47,0
DA:48,0
LF:36
LH:23
end_of_record
SF:lib/data/remote/lecture_client.g.dart
DA:12,1
DA:18,0
DA:21,0
DA:22,0
DA:25,0
DA:26,0
DA:27,0
DA:28,0
DA:29,0
DA:30,0
DA:32,0
DA:33,0
DA:34,0
DA:35,0
DA:40,1
DA:43,1
DA:44,1
DA:45,1
DA:46,2
DA:47,1
DA:48,1
DA:49,3
DA:51,2
DA:52,0
DA:53,0
DA:54,0
DA:55,0
DA:56,0
DA:57,0
DA:62,0
DA:65,0
DA:66,0
DA:69,0
DA:70,0
DA:71,0
DA:72,0
DA:73,0
DA:74,0
DA:76,0
DA:77,0
DA:78,0
DA:79,0
DA:84,0
DA:88,0
DA:89,0
DA:92,0
DA:93,0
DA:94,0
DA:95,0
DA:96,0
DA:97,0
DA:99,0
DA:100,0
DA:101,0
DA:102,0
DA:103,0
DA:104,0
DA:105,0
DA:110,0
DA:113,0
DA:114,0
DA:115,0
DA:116,0
DA:117,0
DA:118,0
DA:119,0
DA:121,0
DA:122,0
DA:123,0
DA:124,0
DA:125,0
DA:126,0
DA:127,0
DA:132,0
DA:135,0
DA:136,0
DA:137,0
DA:138,0
DA:139,0
DA:140,0
DA:141,0
DA:142,0
DA:144,0
DA:145,0
DA:146,0
DA:147,0
DA:152,0
DA:155,0
DA:156,0
DA:157,0
DA:158,0
DA:159,0
DA:160,0
DA:161,0
DA:163,0
DA:164,0
DA:165,0
DA:166,0
DA:171,0
DA:174,0
DA:175,0
DA:176,0
DA:177,0
DA:178,0
DA:179,0
DA:180,0
DA:182,0
DA:183,0
DA:184,0
DA:185,0
DA:186,0
DA:187,0
DA:188,0
DA:193,1
DA:196,1
DA:197,1
DA:198,1
DA:199,2
DA:200,1
DA:201,1
DA:202,4
DA:204,2
DA:205,1
DA:206,1
DA:207,2
DA:212,0
DA:215,0
DA:216,0
DA:218,0
DA:219,0
DA:220,0
DA:221,0
DA:223,0
DA:224,0
DA:225,0
DA:226,0
DA:231,0
DA:234,0
DA:235,0
DA:237,0
DA:238,0
DA:239,0
DA:240,0
DA:242,0
DA:243,0
DA:244,0
DA:245,0
DA:250,0
DA:253,0
DA:254,0
DA:255,0
DA:256,0
DA:257,0
DA:258,0
DA:259,0
DA:261,0
DA:262,0
DA:263,0
DA:264,0
DA:269,1
DA:270,1
DA:271,2
DA:272,2
DA:273,1
DA:274,0
DA:276,1
LF:166
LH:28
end_of_record
SF:lib/data/dio_factory.dart
DA:11,0
DA:13,1
DA:14,1
DA:15,1
DA:16,1
DA:21,2
DA:22,2
DA:24,1
DA:25,2
DA:36,0
DA:42,0
DA:44,0
DA:45,0
DA:48,0
DA:49,0
DA:51,0
DA:54,0
DA:57,0
DA:59,0
DA:62,0
DA:65,0
DA:68,0
DA:69,0
DA:70,0
DA:73,0
DA:74,0
DA:75,0
DA:78,0
DA:79,0
DA:82,0
DA:87,0
DA:89,0
DA:90,0
DA:91,0
DA:92,0
DA:97,0
DA:98,0
DA:100,0
DA:101,0
LF:39
LH:8
end_of_record
SF:lib/data/remote/token_client.g.dart
DA:12,1
DA:18,1
DA:21,1
DA:22,1
DA:25,2
DA:26,1
DA:27,2
DA:28,2
DA:29,2
DA:34,3
DA:36,5
DA:37,2
DA:41,0
DA:44,0
DA:45,0
DA:48,0
DA:49,0
DA:50,0
DA:51,0
DA:52,0
DA:57,0
DA:59,0
DA:60,0
DA:64,1
DA:65,1
DA:66,2
DA:67,2
DA:68,1
DA:69,0
DA:71,1
LF:30
LH:18
end_of_record
SF:lib/data/requests/authentication_body.dart
DA:14,1
DA:20,0
DA:21,2
LF:3
LH:2
end_of_record
SF:lib/data/requests/authentication_body.g.dart
DA:9,0
DA:11,0
DA:12,0
DA:13,0
DA:14,0
DA:17,1
DA:19,1
DA:20,1
DA:21,1
DA:22,1
LF:10
LH:5
end_of_record
SF:lib/app/environment.dart
DA:10,0
DA:11,0
DA:43,0
DA:45,0
DA:58,0
DA:59,0
DA:63,0
DA:64,0
DA:67,0
DA:68,0
DA:69,0
DA:71,0
DA:72,0
DA:73,0
DA:75,0
DA:76,0
DA:78,0
DA:80,0
DA:83,0
DA:84,0
DA:85,0
DA:86,0
DA:87,0
DA:88,0
DA:89,0
DA:90,0
DA:91,0
DA:92,0
DA:93,0
DA:94,0
DA:98,0
DA:99,0
DA:100,0
DA:102,0
DA:104,0
DA:109,0
DA:111,0
LF:37
LH:0
end_of_record
SF:lib/app/error_handling/error_handler.dart
DA:25,0
DA:27,0
DA:28,0
DA:29,0
DA:32,0
DA:33,0
DA:37,0
DA:38,0
DA:39,0
DA:40,0
DA:41,0
DA:42,0
DA:43,0
DA:44,0
DA:45,0
DA:46,0
DA:47,0
DA:48,0
DA:49,0
DA:50,0
DA:51,0
DA:52,0
DA:53,0
DA:54,0
DA:55,0
DA:56,0
DA:58,0
DA:59,0
DA:64,0
DA:66,0
DA:67,0
DA:68,0
DA:69,0
DA:70,0
DA:71,0
DA:72,0
DA:73,0
DA:74,0
DA:75,0
DA:76,0
DA:77,0
DA:78,0
DA:79,0
DA:81,0
DA:88,0
DA:90,0
DA:91,0
DA:92,0
DA:93,0
DA:95,0
DA:96,0
DA:101,0
DA:102,0
DA:103,0
DA:104,0
DA:105,0
DA:106,0
DA:107,0
DA:108,0
DA:109,0
DA:110,0
DA:111,0
DA:112,0
DA:113,0
DA:114,0
DA:116,0
DA:117,0
DA:118,0
DA:119,0
DA:120,0
DA:121,0
DA:122,0
DA:123,0
DA:124,0
DA:125,0
DA:126,0
DA:127,0
DA:128,0
DA:129,0
DA:130,0
DA:132,0
DA:134,0
DA:135,0
DA:136,0
DA:137,0
DA:138,0
DA:139,0
LF:87
LH:0
end_of_record
SF:lib/app/error_handling/exceptions_ui.dart
DA:5,0
DA:13,0
DA:14,0
DA:21,0
DA:22,0
DA:30,0
DA:31,0
DA:39,0
DA:40,0
DA:48,0
DA:49,0
DA:57,0
DA:58,0
DA:66,0
DA:67,0
DA:75,0
DA:76,0
DA:84,0
DA:85,0
DA:93,0
DA:94,0
DA:102,0
DA:103,0
DA:111,0
DA:112,0
DA:120,0
DA:121,0
DA:129,0
DA:130,0
DA:138,0
DA:139,0
DA:147,0
DA:148,0
DA:156,0
DA:157,0
DA:165,0
DA:166,0
DA:174,0
DA:175,0
DA:183,0
DA:184,0
DA:192,0
DA:193,0
DA:201,0
DA:202,0
DA:210,0
DA:211,0
DA:219,0
DA:220,0
DA:228,0
DA:229,0
DA:237,0
DA:238,0
DA:247,0
DA:248,0
DA:256,0
DA:257,0
DA:265,0
DA:266,0
DA:275,0
DA:276,0
DA:284,0
DA:285,0
DA:293,0
DA:294,0
LF:65
LH:0
end_of_record
SF:lib/domain/models/identity_token.dart
DA:9,0
LF:1
LH:0
end_of_record
SF:lib/domain/services/authentication_service.dart
DA:28,0
DA:32,0
DA:33,0
DA:36,0
DA:37,0
DA:40,0
DA:41,0
DA:44,0
DA:47,0
DA:50,0
DA:51,0
DA:55,0
DA:56,0
DA:57,0
DA:58,0
DA:60,0
DA:61,0
DA:62,0
DA:63,0
DA:64,0
DA:67,0
DA:75,0
DA:76,0
DA:79,0
DA:80,0
DA:81,0
DA:85,0
DA:86,0
DA:88,0
DA:91,0
DA:92,0
DA:96,0
DA:97,0
DA:102,0
DA:103,0
DA:105,0
DA:107,0
DA:108,0
DA:109,0
DA:110,0
DA:111,0
DA:113,0
DA:116,0
DA:117,0
DA:119,0
DA:121,0
DA:122,0
DA:123,0
DA:124,0
DA:126,0
DA:127,0
DA:130,0
DA:133,0
DA:134,0
DA:136,0
DA:138,0
DA:139,0
DA:140,0
DA:142,0
DA:145,0
DA:146,0
DA:148,0
DA:150,0
DA:151,0
DA:152,0
DA:154,0
DA:155,0
DA:156,0
DA:157,0
DA:158,0
DA:159,0
DA:160,0
DA:163,0
DA:164,0
DA:166,0
DA:167,0
DA:168,0
DA:169,0
DA:170,0
DA:171,0
DA:172,0
DA:174,0
DA:178,0
DA:179,0
DA:182,0
DA:183,0
DA:186,0
DA:187,0
DA:190,0
DA:192,0
LF:90
LH:0
end_of_record
SF:lib/data/dtos/animation_image_dto.dart
DA:17,0
DA:27,0
DA:28,0
LF:3
LH:0
end_of_record
SF:lib/data/dtos/animation_image_dto.g.dart
DA:9,0
DA:10,0
DA:11,0
DA:12,0
DA:13,0
DA:14,0
DA:15,0
DA:16,0
DA:17,0
DA:20,0
DA:21,0
DA:22,0
DA:23,0
DA:24,0
DA:25,0
DA:26,0
DA:27,0
DA:28,0
LF:18
LH:0
end_of_record
SF:lib/data/dtos/image_dto.dart
DA:17,0
DA:34,0
DA:48,0
DA:49,0
LF:4
LH:0
end_of_record
SF:lib/data/dtos/image_dto.g.dart
DA:9,0
DA:10,0
DA:11,0
DA:12,0
DA:13,0
DA:14,0
DA:15,0
DA:16,0
DA:17,0
DA:18,0
DA:19,0
DA:20,0
DA:21,0
DA:22,0
DA:23,0
DA:24,0
DA:25,0
DA:27,0
DA:28,0
DA:31,0
DA:32,0
DA:33,0
DA:34,0
DA:35,0
DA:36,0
DA:37,0
DA:38,0
DA:39,0
DA:40,0
DA:41,0
DA:42,0
DA:43,0
DA:44,0
DA:45,0
DA:46,0
DA:47,0
LF:36
LH:0
end_of_record
SF:lib/data/dtos/animation_image_group_dto.dart
DA:13,0
DA:18,0
DA:19,0
LF:3
LH:0
end_of_record
SF:lib/data/dtos/animation_image_group_dto.g.dart
DA:9,0
DA:11,0
DA:12,0
DA:13,0
DA:14,0
DA:15,0
DA:18,0
DA:20,0
DA:21,0
DA:22,0
LF:10
LH:0
end_of_record
SF:lib/data/dtos/answer_dto.dart
DA:12,0
DA:22,0
DA:31,0
DA:32,0
LF:4
LH:0
end_of_record
SF:lib/data/dtos/answer_dto.g.dart
DA:9,0
DA:10,0
DA:11,0
DA:12,0
DA:13,0
DA:14,0
DA:15,0
DA:16,0
DA:17,0
DA:18,0
DA:21,0
DA:22,0
DA:23,0
DA:24,0
DA:25,0
DA:26,0
DA:27,0
DA:28,0
DA:29,0
DA:30,0
LF:20
LH:0
end_of_record
SF:lib/data/dtos/base_dto.dart
DA:15,1
DA:25,0
DA:26,0
LF:3
LH:1
end_of_record
SF:lib/data/dtos/base_dto.g.dart
DA:9,0
DA:10,0
DA:11,0
DA:12,0
DA:13,0
DA:14,0
DA:15,0
DA:16,0
DA:19,0
DA:20,0
DA:21,0
DA:22,0
DA:23,0
DA:24,0
DA:25,0
DA:26,0
LF:16
LH:0
end_of_record
SF:lib/data/dtos/audio_dto.dart
DA:16,0
DA:32,0
DA:47,0
DA:48,0
LF:4
LH:0
end_of_record
SF:lib/data/dtos/audio_dto.g.dart
DA:9,0
DA:10,0
DA:11,0
DA:12,0
DA:13,0
DA:14,0
DA:15,0
DA:16,0
DA:17,0
DA:18,0
DA:19,0
DA:20,0
DA:21,0
DA:22,0
DA:23,0
DA:24,0
DA:27,0
DA:28,0
DA:29,0
DA:30,0
DA:31,0
DA:32,0
DA:33,0
DA:34,0
DA:35,0
DA:36,0
DA:37,0
DA:38,0
DA:39,0
DA:40,0
DA:41,0
DA:42,0
LF:32
LH:0
end_of_record
SF:lib/data/dtos/database_file_dto.dart
DA:18,0
DA:32,0
DA:41,0
DA:42,0
LF:4
LH:0
end_of_record
SF:lib/data/dtos/database_file_dto.g.dart
DA:9,0
DA:10,0
DA:11,0
DA:12,0
DA:13,0
DA:14,0
DA:15,0
DA:16,0
DA:17,0
DA:18,0
DA:19,0
DA:20,0
DA:21,0
DA:22,0
DA:23,0
DA:26,0
DA:27,0
DA:28,0
DA:29,0
DA:30,0
DA:31,0
DA:32,0
DA:33,0
DA:34,0
DA:35,0
DA:36,0
DA:37,0
DA:38,0
DA:39,0
DA:40,0
LF:30
LH:0
end_of_record
SF:lib/domain/models/audio.dart
DA:23,0
DA:39,0
LF:2
LH:0
end_of_record
SF:lib/domain/models/database_file.dart
DA:20,0
DA:34,0
LF:2
LH:0
end_of_record
SF:lib/domain/models/language.dart
DA:25,0
DA:41,0
DA:52,0
DA:54,0
LF:4
LH:0
end_of_record
SF:lib/data/dtos/class_dto.dart
DA:25,0
DA:45,0
DA:54,0
DA:55,0
LF:4
LH:0
end_of_record
SF:lib/data/dtos/class_dto.g.dart
DA:9,0
DA:10,0
DA:11,0
DA:12,0
DA:13,0
DA:14,0
DA:15,0
DA:16,0
DA:17,0
DA:18,0
DA:19,0
DA:20,0
DA:21,0
DA:22,0
DA:23,0
DA:25,0
DA:26,0
DA:27,0
DA:28,0
DA:29,0
DA:30,0
DA:31,0
DA:32,0
DA:33,0
DA:36,0
DA:37,0
DA:38,0
DA:39,0
DA:40,0
DA:41,0
DA:42,0
DA:43,0
DA:44,0
DA:45,0
DA:46,0
DA:47,0
DA:48,0
DA:49,0
DA:50,0
DA:51,0
DA:52,0
DA:53,0
DA:54,0
DA:55,0
LF:44
LH:0
end_of_record
SF:lib/data/dtos/course_dto.dart
DA:27,1
DA:48,1
DA:57,2
DA:58,0
LF:4
LH:3
end_of_record
SF:lib/data/dtos/course_dto.g.dart
DA:9,2
DA:10,1
DA:11,1
DA:12,1
DA:13,1
DA:14,1
DA:15,1
DA:16,1
DA:17,1
DA:18,1
DA:19,1
DA:20,1
DA:21,1
DA:22,1
DA:24,0
DA:25,1
DA:26,1
DA:27,3
DA:28,1
DA:29,1
DA:31,0
DA:32,1
DA:33,1
DA:34,1
DA:35,1
DA:38,0
DA:39,0
DA:40,0
DA:41,0
DA:42,0
DA:43,0
DA:44,0
DA:45,0
DA:46,0
DA:47,0
DA:48,0
DA:49,0
DA:50,0
DA:51,0
DA:52,0
DA:53,0
DA:54,0
DA:55,0
DA:56,0
DA:57,0
DA:58,0
LF:46
LH:23
end_of_record
SF:lib/data/dtos/language_pair_dto.dart
DA:24,0
DA:44,0
DA:53,0
DA:54,0
LF:4
LH:0
end_of_record
SF:lib/data/dtos/language_pair_dto.g.dart
DA:9,0
DA:10,0
DA:11,0
DA:12,0
DA:13,0
DA:14,0
DA:15,0
DA:16,0
DA:17,0
DA:18,0
DA:19,0
DA:20,0
DA:21,0
DA:22,0
DA:24,0
DA:25,0
DA:27,0
DA:28,0
DA:29,0
DA:30,0
DA:31,0
DA:33,0
DA:34,0
DA:35,0
DA:36,0
DA:37,0
DA:40,0
DA:41,0
DA:42,0
DA:43,0
DA:44,0
DA:45,0
DA:46,0
DA:47,0
DA:48,0
DA:49,0
DA:50,0
DA:51,0
DA:52,0
DA:53,0
DA:54,0
DA:55,0
DA:56,0
DA:57,0
DA:58,0
DA:59,0
DA:60,0
LF:47
LH:0
end_of_record
SF:lib/data/dtos/code.dart
DA:15,1
DA:21,2
DA:22,0
LF:3
LH:2
end_of_record
SF:lib/data/dtos/code.g.dart
DA:9,2
DA:10,1
DA:11,1
DA:12,1
DA:15,0
DA:16,0
DA:17,0
DA:18,0
LF:8
LH:4
end_of_record
SF:lib/data/dtos/coordinates_dto.dart
DA:13,0
DA:20,0
DA:21,0
LF:3
LH:0
end_of_record
SF:lib/data/dtos/coordinates_dto.g.dart
DA:9,0
DA:10,0
DA:11,0
DA:12,0
DA:13,0
DA:14,0
DA:15,0
DA:18,0
DA:19,0
DA:20,0
DA:21,0
DA:22,0
DA:23,0
DA:24,0
LF:14
LH:0
end_of_record
SF:lib/data/dtos/coupon_dto.dart
DA:17,0
DA:32,0
DA:41,0
DA:42,0
LF:4
LH:0
end_of_record
SF:lib/data/dtos/coupon_dto.g.dart
DA:9,0
DA:10,0
DA:11,0
DA:12,0
DA:13,0
DA:14,0
DA:15,0
DA:16,0
DA:17,0
DA:18,0
DA:19,0
DA:20,0
DA:21,0
DA:22,0
DA:23,0
DA:26,0
DA:27,0
DA:28,0
DA:29,0
DA:30,0
DA:31,0
DA:32,0
DA:33,0
DA:34,0
DA:35,0
DA:36,0
DA:37,0
DA:38,0
DA:39,0
DA:40,0
LF:30
LH:0
end_of_record
SF:lib/data/dtos/lecture_dto.dart
DA:29,1
DA:51,1
DA:60,2
DA:61,0
LF:4
LH:3
end_of_record
SF:lib/data/dtos/lecture_dto.g.dart
DA:9,2
DA:10,1
DA:11,1
DA:12,1
DA:13,1
DA:14,1
DA:15,1
DA:16,1
DA:17,1
DA:18,1
DA:19,1
DA:20,1
DA:21,1
DA:23,0
DA:24,0
DA:25,1
DA:26,1
DA:27,1
DA:28,1
DA:30,2
DA:31,1
DA:32,1
DA:34,0
DA:35,1
DA:36,1
DA:37,1
DA:38,3
DA:39,1
DA:42,0
DA:43,0
DA:44,0
DA:45,0
DA:46,0
DA:47,0
DA:48,0
DA:49,0
DA:50,0
DA:51,0
DA:52,0
DA:53,0
DA:54,0
DA:55,0
DA:56,0
DA:57,0
DA:58,0
DA:59,0
DA:60,0
DA:61,0
DA:62,0
DA:63,0
DA:64,0
LF:51
LH:25
end_of_record
SF:lib/data/dtos/game_dto.dart
DA:17,0
DA:37,0
DA:57,0
DA:58,0
LF:4
LH:0
end_of_record
SF:lib/data/dtos/game_dto.g.dart
DA:9,0
DA:10,0
DA:11,0
DA:12,0
DA:13,0
DA:14,0
DA:15,0
DA:16,0
DA:17,0
DA:18,0
DA:19,0
DA:20,0
DA:21,0
DA:22,0
DA:23,0
DA:24,0
DA:25,0
DA:26,0
DA:27,0
DA:28,0
DA:29,0
DA:30,0
DA:31,0
DA:32,0
DA:33,0
DA:34,0
DA:35,0
DA:36,0
DA:39,0
DA:40,0
DA:41,0
DA:42,0
DA:43,0
DA:44,0
DA:45,0
DA:46,0
DA:47,0
DA:48,0
DA:49,0
DA:50,0
DA:51,0
DA:52,0
DA:53,0
DA:54,0
DA:55,0
DA:56,0
DA:57,0
DA:58,0
LF:48
LH:0
end_of_record
SF:lib/data/dtos/screen_dto.dart
DA:28,0
DA:47,0
DA:56,0
DA:57,0
LF:4
LH:0
end_of_record
SF:lib/data/dtos/screen_dto.g.dart
DA:9,0
DA:10,0
DA:11,0
DA:12,0
DA:13,0
DA:14,0
DA:15,0
DA:16,0
DA:17,0
DA:18,0
DA:19,0
DA:20,0
DA:21,0
DA:22,0
DA:23,0
DA:24,0
DA:25,0
DA:26,0
DA:27,0
DA:28,0
DA:29,0
DA:30,0
DA:31,0
DA:32,0
DA:33,0
DA:34,0
DA:35,0
DA:38,0
DA:39,0
DA:40,0
DA:41,0
DA:42,0
DA:43,0
DA:44,0
DA:45,0
DA:46,0
DA:47,0
DA:48,0
DA:49,0
DA:50,0
DA:51,0
DA:52,0
DA:53,0
DA:54,0
DA:55,0
DA:56,0
LF:46
LH:0
end_of_record
SF:lib/data/dtos/sentence_dto.dart
DA:27,0
DA:46,0
DA:55,0
DA:56,0
LF:4
LH:0
end_of_record
SF:lib/data/dtos/sentence_dto.g.dart
DA:9,0
DA:10,0
DA:11,0
DA:12,0
DA:13,0
DA:14,0
DA:15,0
DA:16,0
DA:17,0
DA:18,0
DA:19,0
DA:20,0
DA:21,0
DA:22,0
DA:23,0
DA:24,0
DA:25,0
DA:26,0
DA:27,0
DA:28,0
DA:29,0
DA:30,0
DA:31,0
DA:32,0
DA:33,0
DA:34,0
DA:35,0
DA:36,0
DA:37,0
DA:40,0
DA:41,0
DA:42,0
DA:43,0
DA:44,0
DA:45,0
DA:46,0
DA:47,0
DA:48,0
DA:49,0
DA:50,0
DA:51,0
DA:52,0
DA:53,0
DA:54,0
DA:55,0
DA:56,0
DA:57,0
DA:58,0
DA:59,0
LF:49
LH:0
end_of_record
SF:lib/data/dtos/sentence_shell_dto.dart
DA:15,0
DA:26,0
DA:35,0
DA:36,0
LF:4
LH:0
end_of_record
SF:lib/data/dtos/sentence_shell_dto.g.dart
DA:9,0
DA:10,0
DA:11,0
DA:12,0
DA:13,0
DA:14,0
DA:15,0
DA:16,0
DA:17,0
DA:18,0
DA:19,0
DA:20,0
DA:21,0
DA:22,0
DA:25,0
DA:26,0
DA:27,0
DA:28,0
DA:29,0
DA:30,0
DA:31,0
DA:32,0
DA:33,0
DA:34,0
DA:35,0
DA:36,0
LF:26
LH:0
end_of_record
SF:lib/data/dtos/sequence_dto.dart
DA:19,1
DA:32,1
DA:41,2
DA:42,0
LF:4
LH:3
end_of_record
SF:lib/data/dtos/sequence_dto.g.dart
DA:9,2
DA:10,1
DA:11,1
DA:12,1
DA:13,1
DA:14,1
DA:15,1
DA:16,1
DA:17,1
DA:18,1
DA:19,2
DA:20,1
DA:21,0
DA:22,0
DA:23,1
DA:25,0
DA:28,0
DA:29,0
DA:30,0
DA:31,0
DA:32,0
DA:33,0
DA:34,0
DA:35,0
DA:36,0
DA:37,0
DA:38,0
DA:39,0
DA:40,0
DA:41,0
LF:30
LH:13
end_of_record
SF:lib/data/dtos/vocabulary_dto.dart
DA:32,0
DA:55,0
DA:64,0
DA:65,0
LF:4
LH:0
end_of_record
SF:lib/data/dtos/vocabulary_dto.g.dart
DA:9,0
DA:10,0
DA:11,0
DA:12,0
DA:13,0
DA:14,0
DA:15,0
DA:16,0
DA:17,0
DA:18,0
DA:19,0
DA:20,0
DA:21,0
DA:22,0
DA:23,0
DA:24,0
DA:25,0
DA:26,0
DA:27,0
DA:28,0
DA:29,0
DA:30,0
DA:31,0
DA:32,0
DA:33,0
DA:34,0
DA:35,0
DA:36,0
DA:37,0
DA:38,0
DA:39,0
DA:40,0
DA:41,0
DA:42,0
DA:45,0
DA:46,0
DA:47,0
DA:48,0
DA:49,0
DA:50,0
DA:51,0
DA:52,0
DA:53,0
DA:54,0
DA:55,0
DA:56,0
DA:57,0
DA:58,0
DA:59,0
DA:60,0
DA:61,0
DA:62,0
DA:63,0
DA:64,0
DA:65,0
DA:66,0
DA:67,0
DA:68,0
LF:58
LH:0
end_of_record
SF:lib/data/dtos/vocabulary_shell_dto.dart
DA:15,0
DA:26,0
DA:35,0
DA:36,0
LF:4
LH:0
end_of_record
SF:lib/data/dtos/vocabulary_shell_dto.g.dart
DA:9,0
DA:10,0
DA:11,0
DA:12,0
DA:13,0
DA:14,0
DA:15,0
DA:16,0
DA:17,0
DA:18,0
DA:19,0
DA:20,0
DA:21,0
DA:22,0
DA:25,0
DA:26,0
DA:27,0
DA:28,0
DA:29,0
DA:30,0
DA:31,0
DA:32,0
DA:33,0
DA:34,0
DA:35,0
DA:36,0
LF:26
LH:0
end_of_record
SF:lib/domain/models/screen.dart
DA:33,0
DA:52,0
LF:2
LH:0
end_of_record
SF:lib/data/dtos/highlighted_part_dto.dart
DA:17,0
DA:28,0
DA:37,0
DA:38,0
LF:4
LH:0
end_of_record
SF:lib/data/dtos/highlighted_part_dto.g.dart
DA:9,0
DA:10,0
DA:11,0
DA:12,0
DA:13,0
DA:14,0
DA:15,0
DA:16,0
DA:17,0
DA:18,0
DA:19,0
DA:20,0
DA:21,0
DA:22,0
DA:23,0
DA:24,0
DA:27,0
DA:28,0
DA:29,0
DA:30,0
DA:31,0
DA:32,0
DA:33,0
DA:34,0
DA:35,0
DA:36,0
DA:37,0
DA:38,0
LF:28
LH:0
end_of_record
SF:lib/data/dtos/word_dto.dart
DA:20,0
DA:34,0
DA:43,0
DA:44,0
LF:4
LH:0
end_of_record
SF:lib/data/dtos/word_dto.g.dart
DA:9,0
DA:10,0
DA:11,0
DA:12,0
DA:13,0
DA:14,0
DA:15,0
DA:16,0
DA:17,0
DA:18,0
DA:19,0
DA:20,0
DA:21,0
DA:22,0
DA:23,0
DA:24,0
DA:25,0
DA:28,0
DA:29,0
DA:30,0
DA:31,0
DA:32,0
DA:33,0
DA:34,0
DA:35,0
DA:36,0
DA:37,0
DA:38,0
DA:39,0
DA:40,0
DA:41,0
LF:31
LH:0
end_of_record
SF:lib/domain/models/sentence.dart
DA:44,0
DA:63,0
LF:2
LH:0
end_of_record
SF:lib/domain/models/image.dart
DA:23,0
DA:40,0
DA:57,0
DA:58,0
LF:4
LH:0
end_of_record
SF:lib/data/dtos/language_dto.dart
DA:22,0
DA:38,0
DA:47,0
DA:48,0
LF:4
LH:0
end_of_record
SF:lib/data/dtos/language_dto.g.dart
DA:9,0
DA:10,0
DA:11,0
DA:12,0
DA:13,0
DA:14,0
DA:15,0
DA:16,0
DA:17,0
DA:18,0
DA:19,0
DA:20,0
DA:22,0
DA:23,0
DA:25,0
DA:26,0
DA:27,0
DA:28,0
DA:29,0
DA:31,0
DA:32,0
DA:35,0
DA:36,0
DA:37,0
DA:38,0
DA:39,0
DA:40,0
DA:41,0
DA:42,0
DA:43,0
DA:44,0
DA:45,0
DA:46,0
DA:47,0
DA:48,0
DA:49,0
DA:50,0
DA:51,0
LF:38
LH:0
end_of_record
SF:lib/data/dtos/offer_dto.dart
DA:36,0
DA:66,0
DA:75,0
DA:76,0
LF:4
LH:0
end_of_record
SF:lib/data/dtos/offer_dto.g.dart
DA:9,0
DA:10,0
DA:11,0
DA:12,0
DA:13,0
DA:14,0
DA:15,0
DA:16,0
DA:17,0
DA:18,0
DA:19,0
DA:20,0
DA:21,0
DA:22,0
DA:23,0
DA:24,0
DA:25,0
DA:26,0
DA:27,0
DA:28,0
DA:29,0
DA:30,0
DA:31,0
DA:32,0
DA:33,0
DA:34,0
DA:35,0
DA:36,0
DA:37,0
DA:38,0
DA:39,0
DA:40,0
DA:41,0
DA:42,0
DA:43,0
DA:46,0
DA:47,0
DA:48,0
DA:49,0
DA:50,0
DA:51,0
DA:52,0
DA:53,0
DA:54,0
DA:55,0
DA:56,0
DA:57,0
DA:58,0
DA:59,0
DA:60,0
DA:61,0
DA:62,0
DA:63,0
DA:64,0
DA:65,0
DA:66,0
DA:67,0
DA:68,0
DA:69,0
DA:70,0
DA:71,0
DA:72,0
DA:73,0
DA:74,0
DA:75,0
LF:65
LH:0
end_of_record
SF:lib/data/dtos/offer_description_content_dto.dart
DA:13,0
DA:23,0
DA:32,0
DA:33,0
LF:4
LH:0
end_of_record
SF:lib/data/dtos/offer_description_content_dto.g.dart
DA:9,0
DA:11,0
DA:12,0
DA:13,0
DA:14,0
DA:15,0
DA:16,0
DA:17,0
DA:18,0
DA:19,0
DA:20,0
DA:21,0
DA:22,0
DA:25,0
DA:27,0
DA:28,0
DA:29,0
DA:30,0
DA:31,0
DA:32,0
DA:33,0
DA:34,0
DA:35,0
DA:36,0
LF:24
LH:0
end_of_record
SF:lib/data/dtos/plan_dto.dart
DA:25,0
DA:45,0
DA:54,0
DA:55,0
LF:4
LH:0
end_of_record
SF:lib/data/dtos/plan_dto.g.dart
DA:9,0
DA:10,0
DA:11,0
DA:12,0
DA:13,0
DA:14,0
DA:15,0
DA:16,0
DA:17,0
DA:18,0
DA:19,0
DA:20,0
DA:21,0
DA:22,0
DA:23,0
DA:24,0
DA:25,0
DA:26,0
DA:27,0
DA:28,0
DA:31,0
DA:32,0
DA:33,0
DA:34,0
DA:35,0
DA:36,0
DA:37,0
DA:38,0
DA:39,0
DA:40,0
DA:41,0
DA:42,0
DA:43,0
DA:44,0
DA:45,0
DA:46,0
DA:47,0
DA:48,0
DA:49,0
DA:50,0
LF:40
LH:0
end_of_record
SF:lib/data/dtos/product_dto.dart
DA:25,0
DA:46,0
DA:55,0
DA:56,0
LF:4
LH:0
end_of_record
SF:lib/data/dtos/product_dto.g.dart
DA:9,0
DA:10,0
DA:11,0
DA:12,0
DA:13,0
DA:14,0
DA:15,0
DA:16,0
DA:17,0
DA:18,0
DA:19,0
DA:20,0
DA:21,0
DA:22,0
DA:23,0
DA:24,0
DA:25,0
DA:26,0
DA:27,0
DA:28,0
DA:29,0
DA:30,0
DA:31,0
DA:34,0
DA:35,0
DA:36,0
DA:37,0
DA:38,0
DA:39,0
DA:40,0
DA:41,0
DA:42,0
DA:43,0
DA:44,0
DA:45,0
DA:46,0
DA:47,0
DA:48,0
DA:49,0
DA:50,0
DA:51,0
DA:52,0
DA:53,0
DA:54,0
DA:55,0
LF:45
LH:0
end_of_record
SF:lib/data/dtos/response.dart
DA:15,1
DA:24,1
DA:28,1
DA:29,0
LF:4
LH:3
end_of_record
SF:lib/data/dtos/response.g.dart
DA:9,1
DA:13,1
DA:14,2
DA:15,2
DA:16,1
DA:17,1
DA:18,1
DA:19,1
DA:22,0
DA:26,0
DA:27,0
DA:28,0
DA:29,0
DA:30,0
DA:31,0
DA:32,0
LF:16
LH:8
end_of_record
SF:lib/domain/models/sequence.dart
DA:21,1
DA:34,1
LF:2
LH:2
end_of_record
SF:lib/data/dtos/ticket_dto.dart
DA:19,1
DA:27,2
DA:29,0
LF:3
LH:2
end_of_record
SF:lib/data/dtos/ticket_dto.g.dart
DA:9,2
DA:10,1
DA:11,1
DA:12,1
DA:13,1
DA:14,1
DA:17,0
DA:18,0
DA:19,0
DA:20,0
DA:21,0
DA:22,0
LF:12
LH:6
end_of_record
SF:lib/data/mappers/animation_image_group_mapper.dart
DA:6,0
DA:7,0
DA:8,0
DA:13,0
DA:14,0
LF:5
LH:0
end_of_record
SF:lib/data/mappers/animation_image_mapper.dart
DA:6,0
DA:7,0
DA:8,0
DA:9,0
DA:10,0
DA:11,0
DA:12,0
DA:13,0
DA:14,0
DA:19,0
DA:20,0
DA:21,0
DA:22,0
DA:23,0
DA:24,0
DA:25,0
DA:26,0
DA:27,0
LF:18
LH:0
end_of_record
SF:lib/domain/models/animation_image_group.dart
DA:7,0
LF:1
LH:0
end_of_record
SF:lib/data/mappers/image_mapper.dart
DA:6,0
DA:7,0
DA:8,0
DA:9,0
DA:10,0
DA:11,0
DA:12,0
DA:13,0
DA:14,0
DA:15,0
DA:16,0
DA:17,0
DA:18,0
DA:19,0
DA:20,0
DA:21,0
DA:22,0
DA:23,0
DA:28,0
DA:29,0
DA:30,0
DA:31,0
DA:32,0
DA:33,0
DA:34,0
DA:35,0
DA:36,0
DA:37,0
LF:28
LH:0
end_of_record
SF:lib/domain/models/animation_image.dart
DA:13,0
LF:1
LH:0
end_of_record
SF:lib/data/mappers/answer_mapper.dart
DA:5,0
DA:6,0
DA:7,0
DA:8,0
DA:9,0
DA:10,0
DA:11,0
DA:12,0
DA:13,0
DA:14,0
DA:15,0
DA:20,0
DA:21,0
LF:13
LH:0
end_of_record
SF:lib/domain/models/answer.dart
DA:6,0
DA:16,0
LF:2
LH:0
end_of_record
SF:lib/data/mappers/audio_mapper.dart
DA:5,0
DA:6,0
DA:7,0
DA:8,0
DA:9,0
DA:10,0
DA:11,0
DA:12,0
DA:13,0
DA:14,0
DA:15,0
DA:16,0
DA:17,0
DA:18,0
DA:19,0
DA:20,0
DA:21,0
DA:26,0
DA:27,0
DA:28,0
DA:29,0
DA:30,0
DA:31,0
DA:32,0
DA:33,0
DA:34,0
DA:35,0
DA:36,0
LF:28
LH:0
end_of_record
SF:lib/data/mappers/class_mapper.dart
DA:8,0
DA:9,0
DA:10,0
DA:11,0
DA:12,0
DA:13,0
DA:14,0
DA:15,0
DA:16,0
DA:17,0
DA:18,0
DA:19,0
DA:20,0
DA:21,0
DA:22,0
DA:23,0
DA:24,0
DA:25,0
DA:26,0
DA:27,0
DA:28,0
LF:21
LH:0
end_of_record
SF:lib/data/mappers/course_mapper.dart
DA:8,1
DA:9,1
DA:10,1
DA:11,1
DA:12,1
DA:13,1
DA:14,1
DA:15,1
DA:16,1
DA:17,1
DA:18,1
DA:19,1
DA:20,1
DA:21,1
DA:22,1
DA:23,1
DA:24,5
DA:25,1
DA:26,1
DA:27,1
DA:28,1
DA:29,1
LF:22
LH:22
end_of_record
SF:lib/data/mappers/language_pair_mapper.dart
DA:7,0
DA:8,0
DA:9,0
DA:10,0
DA:11,0
DA:12,0
DA:13,0
DA:14,0
DA:15,0
DA:16,0
DA:17,0
DA:18,0
DA:19,0
DA:20,0
DA:21,0
DA:22,0
DA:23,0
DA:24,0
DA:25,0
DA:26,0
DA:27,0
DA:32,0
DA:33,0
DA:34,0
DA:35,0
DA:36,0
DA:37,0
DA:38,0
DA:39,0
DA:40,0
DA:41,0
DA:42,0
DA:43,0
DA:44,0
DA:45,0
LF:35
LH:0
end_of_record
SF:lib/domain/models/class.dart
DA:20,0
DA:40,0
DA:49,0
DA:51,0
LF:4
LH:0
end_of_record
SF:lib/data/mappers/coordinates_mapper.dart
DA:5,0
DA:6,0
DA:11,0
DA:12,0
LF:4
LH:0
end_of_record
SF:lib/domain/models/coordinates.dart
DA:9,0
LF:1
LH:0
end_of_record
SF:lib/data/mappers/coupon_mapper.dart
DA:5,0
DA:6,0
DA:7,0
DA:8,0
DA:9,0
DA:10,0
DA:11,0
DA:12,0
DA:13,0
DA:14,0
DA:15,0
DA:16,0
DA:17,0
DA:18,0
DA:19,0
DA:20,0
DA:25,0
DA:26,0
DA:27,0
DA:28,0
DA:29,0
DA:30,0
DA:31,0
DA:32,0
DA:33,0
DA:34,0
LF:26
LH:0
end_of_record
SF:lib/domain/models/coupon.dart
DA:12,0
DA:27,0
LF:2
LH:0
end_of_record
SF:lib/domain/models/course.dart
DA:22,1
DA:43,1
DA:54,1
DA:56,14
LF:4
LH:4
end_of_record
SF:lib/data/mappers/game_mapper.dart
DA:10,0
DA:11,0
DA:12,0
DA:13,0
DA:14,0
DA:15,0
DA:16,0
DA:17,0
DA:18,0
DA:19,0
DA:20,0
DA:21,0
DA:22,0
DA:23,0
DA:24,0
DA:25,0
DA:26,0
DA:27,0
DA:28,0
DA:29,0
DA:30,0
DA:35,0
DA:36,0
DA:37,0
DA:38,0
DA:39,0
DA:40,0
DA:41,0
DA:42,0
DA:43,0
DA:44,0
DA:45,0
DA:46,0
DA:47,0
DA:48,0
DA:49,0
DA:50,0
DA:51,0
DA:52,0
DA:53,0
DA:54,0
DA:55,0
LF:42
LH:0
end_of_record
SF:lib/data/mappers/sentence_mapper.dart
DA:10,0
DA:11,0
DA:12,0
DA:13,0
DA:14,0
DA:15,0
DA:16,0
DA:17,0
DA:18,0
DA:19,0
DA:20,0
DA:21,0
DA:22,0
DA:23,0
DA:24,0
DA:25,0
DA:27,0
DA:29,0
DA:30,0
DA:31,0
DA:36,0
DA:37,0
DA:38,0
DA:39,0
DA:40,0
DA:41,0
DA:42,0
DA:43,0
DA:44,0
DA:45,0
DA:46,0
DA:47,0
DA:48,0
DA:49,0
LF:34
LH:0
end_of_record
SF:lib/data/mappers/sentence_shell_mapper.dart
DA:6,0
DA:7,0
DA:8,0
DA:9,0
DA:10,0
DA:11,0
DA:12,0
DA:13,0
DA:14,0
DA:15,0
DA:16,0
DA:17,0
DA:22,0
DA:23,0
DA:24,0
DA:25,0
DA:26,0
DA:27,0
LF:18
LH:0
end_of_record
SF:lib/data/mappers/sequence_mapper.dart
DA:7,1
DA:8,1
DA:9,1
DA:10,1
DA:11,1
DA:12,1
DA:13,1
DA:14,1
DA:15,1
DA:16,1
DA:17,1
DA:18,1
DA:19,2
DA:20,1
DA:25,0
DA:26,0
DA:27,0
DA:28,0
DA:29,0
DA:30,0
DA:31,0
DA:32,0
LF:22
LH:14
end_of_record
SF:lib/data/mappers/vocabulary_mapper.dart
DA:11,0
DA:12,0
DA:13,0
DA:14,0
DA:15,0
DA:16,0
DA:17,0
DA:18,0
DA:19,0
DA:20,0
DA:21,0
DA:22,0
DA:23,0
DA:24,0
DA:25,0
DA:26,0
DA:27,0
DA:28,0
DA:29,0
DA:30,0
DA:31,0
DA:32,0
DA:33,0
DA:34,0
DA:39,0
DA:40,0
DA:41,0
DA:42,0
DA:43,0
DA:44,0
DA:45,0
DA:46,0
DA:47,0
DA:48,0
DA:49,0
DA:50,0
DA:51,0
DA:52,0
DA:53,0
DA:54,0
DA:55,0
DA:56,0
LF:42
LH:0
end_of_record
SF:lib/data/mappers/vocabulary_shell_mapper.dart
DA:6,0
DA:7,0
DA:8,0
DA:9,0
DA:10,0
DA:11,0
DA:12,0
DA:13,0
DA:14,0
DA:15,0
DA:16,0
DA:17,0
DA:22,0
DA:23,0
LF:14
LH:0
end_of_record
SF:lib/domain/models/game.dart
DA:13,0
DA:33,0
DA:47,0
LF:3
LH:0
end_of_record
SF:lib/data/mappers/highlighted_part_mapper.dart
DA:6,0
DA:7,0
DA:8,0
DA:9,0
DA:10,0
DA:11,0
DA:12,0
DA:13,0
DA:14,0
DA:15,0
DA:16,0
DA:17,0
DA:22,0
DA:23,0
DA:24,0
DA:25,0
DA:26,0
DA:27,0
DA:28,0
DA:29,0
DA:30,0
DA:31,0
DA:32,0
DA:33,0
LF:24
LH:0
end_of_record
SF:lib/data/mappers/word_mapper.dart
DA:6,0
DA:7,0
DA:8,0
DA:9,0
DA:10,0
DA:11,0
DA:12,0
DA:13,0
DA:14,0
DA:15,0
DA:16,0
DA:17,0
DA:18,0
DA:19,0
DA:20,0
DA:25,0
DA:26,0
DA:27,0
DA:28,0
DA:29,0
DA:30,0
DA:31,0
DA:32,0
DA:33,0
LF:24
LH:0
end_of_record
SF:lib/domain/models/highlighted_part.dart
DA:11,0
DA:22,0
LF:2
LH:0
end_of_record
SF:lib/data/mappers/language_mapper.dart
DA:9,0
DA:10,0
DA:11,0
DA:12,0
DA:13,0
DA:14,0
DA:15,0
DA:16,0
DA:17,0
DA:18,0
DA:19,0
DA:20,0
DA:21,0
DA:22,0
DA:23,0
DA:24,0
DA:26,0
DA:31,0
DA:32,0
DA:33,0
DA:34,0
DA:35,0
DA:36,0
DA:37,0
DA:38,0
DA:39,0
DA:40,0
DA:41,0
LF:28
LH:0
end_of_record
SF:lib/domain/models/language_pair.dart
DA:21,0
DA:41,0
DA:50,0
DA:52,0
LF:4
LH:0
end_of_record
SF:lib/data/mappers/offer_mapper.dart
DA:8,0
DA:9,0
DA:10,0
DA:11,0
DA:12,0
DA:13,0
DA:14,0
DA:15,0
DA:16,0
DA:17,0
DA:18,0
DA:19,0
DA:20,0
DA:22,0
DA:23,0
DA:24,0
DA:25,0
DA:26,0
DA:27,0
DA:28,0
DA:29,0
DA:30,0
DA:31,0
DA:32,0
DA:33,0
DA:34,0
DA:35,0
DA:36,0
DA:37,0
DA:38,0
DA:39,0
LF:31
LH:0
end_of_record
SF:lib/domain/models/lecture.dart
DA:25,1
DA:47,1
DA:56,1
DA:58,15
LF:4
LH:4
end_of_record
SF:lib/data/mappers/offer_description_content_mapper.dart
DA:5,0
DA:6,0
LF:2
LH:0
end_of_record
SF:lib/domain/models/offer_description_content.dart
DA:5,0
LF:1
LH:0
end_of_record
SF:lib/data/mappers/plan_mapper.dart
DA:6,0
DA:7,0
DA:8,0
DA:9,0
DA:10,0
DA:11,0
DA:12,0
DA:13,0
DA:14,0
DA:15,0
DA:16,0
DA:17,0
DA:18,0
DA:19,0
DA:20,0
DA:21,0
DA:22,0
DA:23,0
DA:24,0
DA:25,0
DA:26,0
LF:21
LH:0
end_of_record
SF:lib/domain/models/offer.dart
DA:31,0
DA:61,0
LF:2
LH:0
end_of_record
SF:lib/data/mappers/product_mapper.dart
DA:6,0
DA:7,0
DA:8,0
DA:9,0
DA:10,0
DA:11,0
DA:12,0
DA:13,0
DA:14,0
DA:15,0
LF:10
LH:0
end_of_record
SF:lib/domain/models/plan.dart
DA:20,0
DA:40,0
LF:2
LH:0
end_of_record
SF:lib/domain/models/product.dart
DA:10,0
DA:19,0
LF:2
LH:0
end_of_record
SF:lib/domain/models/sentence_shell.dart
DA:11,0
DA:22,0
LF:2
LH:0
end_of_record
SF:lib/domain/models/vocabulary.dart
DA:27,0
DA:50,0
LF:2
LH:0
end_of_record
SF:lib/domain/models/vocabulary_shell.dart
DA:11,0
DA:22,0
LF:2
LH:0
end_of_record
SF:lib/domain/models/word.dart
DA:14,0
DA:28,0
LF:2
LH:0
end_of_record
SF:lib/data/requests/refresh_token_body.dart
DA:13,0
DA:18,0
DA:19,0
LF:3
LH:0
end_of_record
SF:lib/data/requests/refresh_token_body.g.dart
DA:9,0
DA:10,0
DA:11,0
DA:12,0
DA:15,0
DA:16,0
DA:17,0
DA:18,0
LF:8
LH:0
end_of_record
SF:lib/data/requests/create_user_request.dart
DA:16,0
DA:26,0
DA:27,0
LF:3
LH:0
end_of_record
SF:lib/data/requests/create_user_request.g.dart
DA:9,0
DA:11,0
DA:12,0
DA:13,0
DA:14,0
DA:15,0
DA:16,0
DA:17,0
DA:18,0
DA:21,0
DA:23,0
DA:24,0
DA:25,0
DA:26,0
DA:27,0
DA:28,0
DA:29,0
DA:30,0
LF:18
LH:0
end_of_record
SF:lib/data/requests/reset_password_body.dart
DA:11,0
DA:17,0
DA:18,0
LF:3
LH:0
end_of_record
SF:lib/data/requests/reset_password_body.g.dart
DA:9,0
DA:10,0
DA:11,0
DA:12,0
DA:15,0
DA:16,0
DA:17,0
DA:18,0
LF:8
LH:0
end_of_record
SF:lib/data/requests/send_password_reset_body.dart
DA:10,0
DA:14,0
DA:15,0
LF:3
LH:0
end_of_record
SF:lib/data/requests/send_password_reset_body.g.dart
DA:9,0
DA:11,0
DA:12,0
DA:15,0
DA:17,0
DA:18,0
LF:6
LH:0
end_of_record
SF:lib/domain/models/model_base.dart
DA:11,1
LF:1
LH:1
end_of_record
SF:lib/domain/models/user.dart
DA:28,0
DA:54,0
DA:64,0
DA:66,0
DA:69,0
DA:74,0
DA:75,0
DA:76,0
DA:77,0
DA:78,0
DA:79,0
DA:80,0
DA:81,0
DA:82,0
DA:83,0
DA:84,0
DA:85,0
DA:86,0
DA:87,0
DA:88,0
DA:89,0
DA:90,0
DA:91,0
DA:94,0
DA:96,0
DA:97,0
DA:98,0
DA:99,0
DA:100,0
DA:101,0
DA:102,0
DA:103,0
DA:104,0
DA:105,0
DA:106,0
DA:107,0
DA:108,0
DA:109,0
DA:110,0
DA:111,0
DA:112,0
DA:113,0
LF:42
LH:0
end_of_record
SF:lib/domain/models/ticket.dart
DA:9,0
DA:24,0
LF:2
LH:0
end_of_record
